<?xml version="1.0" encoding="UTF-8"?><testsuite errors="1" failures="0" name="Realizar Creacion de Cuenta de Correo" skipped="0" tests="1" time="0.97" timestamp="2022-10-22 08:46:11"><testcase name="Crear Cuenta Con datos Validos"><error message="Could not instantiate new WebDriver instance of type class org.openqa.selenium.chrome.ChromeDriver (The driver executable does not exist: C:\Users\USER\IdeaProjects\aut-GoogleSingUP\src\test\resources\drivers\chromedriver.exe" type="net.thucydides.core.webdriver.UnsupportedDriverException">Could not instantiate new WebDriver instance of type class org.openqa.selenium.chrome.ChromeDriver (The driver executable does not exist: C:\Users\USER\IdeaProjects\aut-GoogleSingUP\src\test\resources\drivers\chromedriver.exe</error><system-err>Could not instantiate new WebDriver instance of type class org.openqa.selenium.chrome.ChromeDriver (The driver executable does not exist: C:\Users\USER\IdeaProjects\aut-GoogleSingUP\src\test\resources\drivers\chromedriver.exe&#13;
Proyecto.Prueba.Steps.PruebaSteps.IngresarCrearCuenta(PruebaSteps.java:11)&#13;
Proyecto.Prueba.Definition.PruebaDefinition.como_un_usuario_que_no_tiene_cuenta_de_Email(PruebaDefinition.java:16)&#13;
cucumber.runner.Runner.runPickle(Runner.java:80)&#13;
</system-err></testcase></testsuite>